Informational Output for PART: C:\Users\b2\Desktop\syou.prt
Created By:    b2
Creation Date: Wed Jul 15 10:02:13 2026
===============================================

+++MOM WARNING+++
Info: 缺少事件处理程序：事件名：WIZD_mill_planar__mill_planar

Informational Output for PART: C:\Users\b2\Desktop\syou.prt
Created By:    b2
Creation Date: Wed Jul 15 10:02:22 2026
===============================================

+++MOM WARNING+++
Info: 缺少事件处理程序：事件名：WIZD_mill_planar__mill


+++MOM WARNING+++
Info: 缺少事件处理程序：事件名：WIZD_mill_planar__mill


+++MOM WARNING+++
Info: 缺少事件处理程序：事件名：WIZD_drill__drilling_tool


+++MOM WARNING+++
Info: 缺少事件处理程序：事件名：WIZD_drill__program


+++MOM WARNING+++
Info: 缺少事件处理程序：事件名：WIZD_drill__program


+++MOM WARNING+++
Info: 缺少事件处理程序：事件名：WIZD_drill__program


+++MOM WARNING+++
Info: 缺少事件处理程序：事件名：WIZD_drill__spot_facing


+++MOM WARNING+++
Info: 缺少事件处理程序：事件名：WIZD_mill_planar__floor_wall


+++MOM WARNING+++
Info: 缺少事件处理程序：事件名：WIZD_mill_planar__floor_wall


+++MOM WARNING+++
Info: 缺少事件处理程序：事件名：WIZD_mill_planar__floor_wall


+++MOM WARNING+++
Info: 缺少事件处理程序：事件名：WIZD_mill_planar__floor_wall


+++MOM WARNING+++
Info: 缺少事件处理程序：事件名：WIZD_drill__drilling


+++MOM WARNING+++
Info: 缺少事件处理程序：事件名：WIZD_mill_planar__mill

